-------------------------------------------------------------------------------
Test set: testRunner.TestRunner
-------------------------------------------------------------------------------
Tests run: 3, Failures: 1, Errors: 0, Skipped: 0, Time elapsed: 59.921 sec <<< FAILURE!
Borrowing estimation check(Calculations)  Time elapsed: 20.932 sec  <<< FAILURE!
java.lang.AssertionError: Borrow Estimation is incorrect
	at stepDefinitions.BorrowEstimations.i_verify_borrowing_estimate(BorrowEstimations.java:113)
	at ?.I verify borrowing estimate(file:///C:/Cucumber-RestAssured-master/Calculator/Features/Calsi.feature:7)

