<?xml version="1.0" encoding="UTF-8" ?>
<testsuite tests="3" failures="1" name="testRunner.TestRunner" time="56.233" errors="0" skipped="0">
  <properties>
[...]
</properties>
  <testcase classname="Calculations" name="Borrowing estimation check" time="20.932">
    <failure message="Borrow Estimation is incorrect" type="java.lang.AssertionError">java.lang.AssertionError: Borrow Estimation is incorrect
	at stepDefinitions.BorrowEstimations.i_verify_borrowing_estimate(BorrowEstimations.java:113)
	at ✽.I verify borrowing estimate(file:///C:/Cucumber-RestAssured-master/Calculator/Features/Calsi.feature:7)
</failure>
    <system-out>Clicked on Application type is Single
Selected dependent as 0
Selected property to buy as &apos;Home to live in&apos;
Entered income $80,000
Entered other income $10,000
Entered living expenses $500
Entered home loan $0
Entered other loans $100
Entered other commitments $0
Entered credit limit as $10,000
Clicked on How much I can Borrow button
Calculated borrow limit is 507000
Actual borrow limit is 479000
Entered after method
</system-out>
    <system-err>Starting ChromeDriver 90.0.4430.24 (4c6d850f087da467d926e8eddb76550aed655991-refs/branch-heads/4430@{#429}) on port 11169
Only local connections are allowed.
Please see https://chromedriver.chromium.org/security-considerations for suggestions on keeping ChromeDriver safe.
ChromeDriver was started successfully.
Apr 25, 2021 11:08:00 PM org.openqa.selenium.remote.ProtocolHandshake createSession
INFO: Detected dialect: W3C
</system-err>
  </testcase>
  <testcase classname="Calculations" name="Clicking &apos;Start over&apos; button clears the form" time="23.305"/>
  <testcase classname="Calculations" name="Living expenses to one dollar" time="11.996"/>
</testsuite>